Using pre-set license
Built from '2020.2/staging' branch; Version is '2020.2.3f1 (8ff31bc5bf5b) revision 9433883'; Using compiler version '192528614'; Build Type 'Release'
OS: 'Windows 10 Pro; OS build 19043.1165; Version 2009; 64bit' Language: 'en' Physical Memory: 24471 MB
BatchMode: 1, IsHumanControllingUs: 0, StartBugReporterOnCrash: 0, Is64bit: 1, IsPro: 0

 COMMAND LINE ARGUMENTS:
C:\Program Files\Unity\Hub\Editor\2020.2.3f1\Editor\Unity.exe
-adb2
-batchMode
-noUpm
-name
AssetImportWorker0
-projectPath
D:/myR&D/mobile
-logFile
Logs/AssetImportWorker0.log
-srvPort
60984
Successfully changed project path to: D:/myR&D/mobile
D:/myR&D/mobile
Using Asset Import Pipeline V2.
Refreshing native plugins compatible for Editor in 23.39 ms, found 0 plugins.
Preloading 0 native plugins for Editor in 0.00 ms.
Initialize engine version: 2020.2.3f1 (8ff31bc5bf5b)
[Subsystems] Discovering subsystems at path C:/Program Files/Unity/Hub/Editor/2020.2.3f1/Editor/Data/Resources/UnitySubsystems
[Subsystems] Discovering subsystems at path D:/myR&D/mobile/Assets
GfxDevice: creating device client; threaded=0
Direct3D:
    Version:  Direct3D 11.0 [level 11.0]
    Renderer: NVIDIA Quadro K620 (ID=0x13bb)
    Vendor:   
    VRAM:     2007 MB
    Driver:   23.21.13.9125
Initialize mono
Mono path[0] = 'C:/Program Files/Unity/Hub/Editor/2020.2.3f1/Editor/Data/Managed'
Mono path[1] = 'C:/Program Files/Unity/Hub/Editor/2020.2.3f1/Editor/Data/MonoBleedingEdge/lib/mono/unityjit'
Mono config path = 'C:/Program Files/Unity/Hub/Editor/2020.2.3f1/Editor/Data/MonoBleedingEdge/etc'
Using monoOptions --debugger-agent=transport=dt_socket,embedding=1,server=y,suspend=n,address=127.0.0.1:56052
Begin MonoManager ReloadAssembly
Registering precompiled unity dll's ...
Register platform support module: C:/Program Files/Unity/Hub/Editor/2020.2.3f1/Editor/Data/PlaybackEngines/WebGLSupport/UnityEditor.WebGL.Extensions.dll
Register platform support module: C:/Program Files/Unity/Hub/Editor/2020.2.3f1/Editor/Data/PlaybackEngines/WindowsStandaloneSupport/UnityEditor.WindowsStandalone.Extensions.dll
Registered in 0.005030 seconds.
Native extension for WindowsStandalone target not found
Native extension for WebGL target not found
Refreshing native plugins compatible for Editor in 32.53 ms, found 0 plugins.
Preloading 0 native plugins for Editor in 0.00 ms.
Invoked RoslynAnalysisRunner static constructor.
RoslynAnalysisRunner will not be running.
RoslynAnalysisRunner has terminated.
Mono: successfully reloaded assembly
- Completed reload, in  3.016 seconds
Platform modules already initialized, skipping
Registering precompiled user dll's ...
Registered in 0.001213 seconds.
Begin MonoManager ReloadAssembly
Native extension for WindowsStandalone target not found
Native extension for WebGL target not found
Refreshing native plugins compatible for Editor in 0.19 ms, found 0 plugins.
Preloading 0 native plugins for Editor in 0.00 ms.
Invoked RoslynAnalysisRunner static constructor.
RoslynAnalysisRunner will not be running.
RoslynAnalysisRunner has terminated.
Mono: successfully reloaded assembly
- Completed reload, in  0.933 seconds
Platform modules already initialized, skipping
========================================================================
Worker process is ready to serve import requests
Launched and connected shader compiler UnityShaderCompiler.exe after 0.09 seconds
Refreshing native plugins compatible for Editor in 0.20 ms, found 0 plugins.
Preloading 0 native plugins for Editor in 0.00 ms.
Unloading 1100 Unused Serialized files (Serialized files now loaded: 0)
System memory in use before: 56.6 MB.
System memory in use after: 56.6 MB.

Unloading 10 unused Assets to reduce memory usage. Loaded Objects now: 1541.
Total: 2.692100 ms (FindLiveObjects: 0.374000 ms CreateObjectMapping: 0.060200 ms MarkObjects: 2.168200 ms  DeleteObjects: 0.087700 ms)

========================================================================
Received Import Request.
  path: Assets/ball_billiard_03_dif.jpg
  artifactKey: Guid(3ff54f38ead18d34f86d7c3622991262) Importer(815301076,1909f56bfc062723c751e8b465ee728b)
Start importing Assets/ball_billiard_03_dif.jpg using Guid(3ff54f38ead18d34f86d7c3622991262) Importer(815301076,1909f56bfc062723c751e8b465ee728b)  -> (artifact id: '5feee5720ac2d22880aa55f6076cb72c') in 0.257938 seconds
  Import took 0.260182 seconds .

========================================================================
Received Import Request.
  Time since last request: 3.258519 seconds.
  path: Assets/layout.png
  artifactKey: Guid(ba3a05ecfac7e944eb5356a00cd30423) Importer(815301076,1909f56bfc062723c751e8b465ee728b)
Start importing Assets/layout.png using Guid(ba3a05ecfac7e944eb5356a00cd30423) Importer(815301076,1909f56bfc062723c751e8b465ee728b)  -> (artifact id: '9cacf7a2dd4cb4ddea655a951b5525e6') in 0.180917 seconds
  Import took 0.182802 seconds .

========================================================================
Received Import Request.
  Time since last request: 7.565038 seconds.
  path: Assets/layout.png
  artifactKey: Guid(ba3a05ecfac7e944eb5356a00cd30423) Importer(815301076,1909f56bfc062723c751e8b465ee728b)
Start importing Assets/layout.png using Guid(ba3a05ecfac7e944eb5356a00cd30423) Importer(815301076,1909f56bfc062723c751e8b465ee728b)  -> (artifact id: '49e970ff40ea8285095b0151b8cb93f7') in 0.103750 seconds
  Import took 0.122202 seconds .

========================================================================
Received Import Request.
  Time since last request: 42.170691 seconds.
  path: Assets/Tile_Texture_360Photo.png
  artifactKey: Guid(fa0f0a90e32e421488bbae6f72e3705a) Importer(815301076,1909f56bfc062723c751e8b465ee728b)
Start importing Assets/Tile_Texture_360Photo.png using Guid(fa0f0a90e32e421488bbae6f72e3705a) Importer(815301076,1909f56bfc062723c751e8b465ee728b)  -> (artifact id: '0ca3701fa27e49a1f763b4807cf7d0aa') in 0.022463 seconds
  Import took 0.025408 seconds .

========================================================================
Received Import Request.
  Time since last request: 0.000820 seconds.
  path: Assets/Tile_Texture_360Photo.png
  artifactKey: Guid(fa0f0a90e32e421488bbae6f72e3705a) Importer(815301076,1909f56bfc062723c751e8b465ee728b)
Start importing Assets/Tile_Texture_360Photo.png using Guid(fa0f0a90e32e421488bbae6f72e3705a) Importer(815301076,1909f56bfc062723c751e8b465ee728b)  -> (artifact id: '0ca3701fa27e49a1f763b4807cf7d0aa') in 0.014793 seconds
  Import took 0.016837 seconds .

========================================================================
Received Import Request.
  Time since last request: 8.201450 seconds.
  path: Assets/Tile_Texture_360Photo.png
  artifactKey: Guid(fa0f0a90e32e421488bbae6f72e3705a) Importer(815301076,1909f56bfc062723c751e8b465ee728b)
Start importing Assets/Tile_Texture_360Photo.png using Guid(fa0f0a90e32e421488bbae6f72e3705a) Importer(815301076,1909f56bfc062723c751e8b465ee728b)  -> (artifact id: '1dc2a3b71653c6fb2439341b06f5f012') in 0.026365 seconds
  Import took 0.028709 seconds .

========================================================================
Received Import Request.
  Time since last request: 0.001164 seconds.
  path: Assets/Tile_Texture_360Photo.png
  artifactKey: Guid(fa0f0a90e32e421488bbae6f72e3705a) Importer(815301076,1909f56bfc062723c751e8b465ee728b)
Start importing Assets/Tile_Texture_360Photo.png using Guid(fa0f0a90e32e421488bbae6f72e3705a) Importer(815301076,1909f56bfc062723c751e8b465ee728b)  -> (artifact id: '1dc2a3b71653c6fb2439341b06f5f012') in 0.047580 seconds
  Import took 0.049800 seconds .

========================================================================
Received Prepare
Switching build target platform(13) subTarget(537395200) extendedPlatform(0) -> platform(13) subTarget(524288) extendedPlatform(0)
Refreshing native plugins compatible for Editor in 1.34 ms, found 0 plugins.
Preloading 0 native plugins for Editor in 0.00 ms.
Unloading 3 Unused Serialized files (Serialized files now loaded: 0)
System memory in use before: 38.0 MB.
System memory in use after: 38.1 MB.

Unloading 3 unused Assets to reduce memory usage. Loaded Objects now: 1551.
Total: 3.726700 ms (FindLiveObjects: 0.169500 ms CreateObjectMapping: 0.033100 ms MarkObjects: 3.415000 ms  DeleteObjects: 0.107400 ms)

AssetImportParameters requested are different than current active one (requested -> active):
  buildTarget: platform 13, subtarget 524288, extendedPlatform 0 -> platform 13, subtarget 537395200, extendedPlatform 0
  graphicsApiMask: 2048 -> 2099200
========================================================================
Received Prepare
Refreshing native plugins compatible for Editor in 1.35 ms, found 0 plugins.
Preloading 0 native plugins for Editor in 0.00 ms.
Unloading 3 Unused Serialized files (Serialized files now loaded: 0)
System memory in use before: 38.0 MB.
System memory in use after: 38.1 MB.

Unloading 3 unused Assets to reduce memory usage. Loaded Objects now: 1551.
Total: 3.348000 ms (FindLiveObjects: 0.324800 ms CreateObjectMapping: 0.068800 ms MarkObjects: 2.864000 ms  DeleteObjects: 0.088600 ms)

========================================================================
Received Import Request.
  Time since last request: 600.299218 seconds.
  path: Assets/Tile_Texture_360Photo.png
  artifactKey: Guid(fa0f0a90e32e421488bbae6f72e3705a) Importer(815301076,1909f56bfc062723c751e8b465ee728b)
Start importing Assets/Tile_Texture_360Photo.png using Guid(fa0f0a90e32e421488bbae6f72e3705a) Importer(815301076,1909f56bfc062723c751e8b465ee728b)  -> (artifact id: '183bbaf138b3e9afdb89c4d6b807bcdc') in 0.019352 seconds
  Import took 0.021912 seconds .

========================================================================
Received Import Request.
  Time since last request: 0.778781 seconds.
  path: Assets/v502-adj-10-abstractbg_1.jpg
  artifactKey: Guid(46fc21124752e68488771c9b00dec81e) Importer(815301076,1909f56bfc062723c751e8b465ee728b)
Start importing Assets/v502-adj-10-abstractbg_1.jpg using Guid(46fc21124752e68488771c9b00dec81e) Importer(815301076,1909f56bfc062723c751e8b465ee728b)  -> (artifact id: '8897f1bbde7badaa2de13f2990717f7e') in 0.034832 seconds
  Import took 0.036857 seconds .

========================================================================
Received Import Request.
  Time since last request: 5.410481 seconds.
  path: Assets/images (1).jpg
  artifactKey: Guid(ddc9149c9721f4d489edc9b887bbf80f) Importer(815301076,1909f56bfc062723c751e8b465ee728b)
Start importing Assets/images (1).jpg using Guid(ddc9149c9721f4d489edc9b887bbf80f) Importer(815301076,1909f56bfc062723c751e8b465ee728b)  -> (artifact id: '3fa008a0df1a24080dcbb24099c24c25') in 0.015973 seconds
  Import took 0.018488 seconds .

========================================================================
Received Import Request.
  Time since last request: 3.334747 seconds.
  path: Assets/images.jpg
  artifactKey: Guid(39ea93791161b8b4f9d9d63b17baaa6c) Importer(815301076,1909f56bfc062723c751e8b465ee728b)
Start importing Assets/images.jpg using Guid(39ea93791161b8b4f9d9d63b17baaa6c) Importer(815301076,1909f56bfc062723c751e8b465ee728b)  -> (artifact id: '9aca52b6e732db42f7303a6ab2ad5528') in 0.017297 seconds
  Import took 0.019525 seconds .

========================================================================
Received Import Request.
  Time since last request: 0.004668 seconds.
  path: Assets/images.jpg
  artifactKey: Guid(39ea93791161b8b4f9d9d63b17baaa6c) Importer(815301076,1909f56bfc062723c751e8b465ee728b)
Start importing Assets/images.jpg using Guid(39ea93791161b8b4f9d9d63b17baaa6c) Importer(815301076,1909f56bfc062723c751e8b465ee728b)  -> (artifact id: '9aca52b6e732db42f7303a6ab2ad5528') in 0.014053 seconds
  Import took 0.016334 seconds .

========================================================================
Received Import Request.
  Time since last request: 6.584720 seconds.
  path: Assets/3c6a7a6356f924dcc5b222b418fcc1cc.jpg
  artifactKey: Guid(11a9c9970e38f214e8ab9a51de37cc71) Importer(815301076,1909f56bfc062723c751e8b465ee728b)
Start importing Assets/3c6a7a6356f924dcc5b222b418fcc1cc.jpg using Guid(11a9c9970e38f214e8ab9a51de37cc71) Importer(815301076,1909f56bfc062723c751e8b465ee728b)  -> (artifact id: '80fd5c5be1592ca733a6900fb8a2ca2b') in 0.029066 seconds
  Import took 0.031524 seconds .

========================================================================
Received Import Request.
  Time since last request: 3.477327 seconds.
  path: Assets/1.jpg
  artifactKey: Guid(11a9c9970e38f214e8ab9a51de37cc71) Importer(815301076,1909f56bfc062723c751e8b465ee728b)
Start importing Assets/1.jpg using Guid(11a9c9970e38f214e8ab9a51de37cc71) Importer(815301076,1909f56bfc062723c751e8b465ee728b)  -> (artifact id: 'f8148055448e4aa2914b354b5879bf8b') in 0.053018 seconds
  Import took 0.055250 seconds .

========================================================================
Received Import Request.
  Time since last request: 1.009690 seconds.
  path: Assets/close-up-minimalist-honeycomb-background-design_23-2148386679.jpg
  artifactKey: Guid(96523659a0f9c26438083b422d6c0714) Importer(815301076,1909f56bfc062723c751e8b465ee728b)
Start importing Assets/close-up-minimalist-honeycomb-background-design_23-2148386679.jpg using Guid(96523659a0f9c26438083b422d6c0714) Importer(815301076,1909f56bfc062723c751e8b465ee728b)  -> (artifact id: 'd1cba55800816d1b9d8109a17a4056e7') in 0.019264 seconds
  Import took 0.021223 seconds .

========================================================================
Received Import Request.
  Time since last request: 0.001479 seconds.
  path: Assets/close-up-minimalist-honeycomb-background-design_23-2148386679.jpg
  artifactKey: Guid(96523659a0f9c26438083b422d6c0714) Importer(815301076,1909f56bfc062723c751e8b465ee728b)
Start importing Assets/close-up-minimalist-honeycomb-background-design_23-2148386679.jpg using Guid(96523659a0f9c26438083b422d6c0714) Importer(815301076,1909f56bfc062723c751e8b465ee728b)  -> (artifact id: 'd1cba55800816d1b9d8109a17a4056e7') in 0.018092 seconds
  Import took 0.020525 seconds .

========================================================================
Received Import Request.
  Time since last request: 2.569025 seconds.
  path: Assets/2.jpg
  artifactKey: Guid(96523659a0f9c26438083b422d6c0714) Importer(815301076,1909f56bfc062723c751e8b465ee728b)
Start importing Assets/2.jpg using Guid(96523659a0f9c26438083b422d6c0714) Importer(815301076,1909f56bfc062723c751e8b465ee728b)  -> (artifact id: 'c7f6b4f089f1d18a48b0ebd6fe5495ea') in 0.017068 seconds
  Import took 0.019357 seconds .

========================================================================
Received Import Request.
  Time since last request: 2.821053 seconds.
  path: Assets/3.jpg
  artifactKey: Guid(ddc9149c9721f4d489edc9b887bbf80f) Importer(815301076,1909f56bfc062723c751e8b465ee728b)
Start importing Assets/3.jpg using Guid(ddc9149c9721f4d489edc9b887bbf80f) Importer(815301076,1909f56bfc062723c751e8b465ee728b)  -> (artifact id: '8fe914076857c10662db37da83eb9f16') in 0.015538 seconds
  Import took 0.017753 seconds .

========================================================================
Received Import Request.
  Time since last request: 1.264320 seconds.
  path: Assets/Level_2999's_Main_Area.jpg
  artifactKey: Guid(199155be6fe86b84f90c792d89cc9986) Importer(815301076,1909f56bfc062723c751e8b465ee728b)
Start importing Assets/Level_2999's_Main_Area.jpg using Guid(199155be6fe86b84f90c792d89cc9986) Importer(815301076,1909f56bfc062723c751e8b465ee728b)  -> (artifact id: 'cce7cac9808947f64165214d12db7270') in 0.017951 seconds
  Import took 0.019953 seconds .

========================================================================
Received Import Request.
  Time since last request: 0.000903 seconds.
  path: Assets/Level_2999's_Main_Area.jpg
  artifactKey: Guid(199155be6fe86b84f90c792d89cc9986) Importer(815301076,1909f56bfc062723c751e8b465ee728b)
Start importing Assets/Level_2999's_Main_Area.jpg using Guid(199155be6fe86b84f90c792d89cc9986) Importer(815301076,1909f56bfc062723c751e8b465ee728b)  -> (artifact id: 'cce7cac9808947f64165214d12db7270') in 0.016269 seconds
  Import took 0.018571 seconds .

========================================================================
Received Import Request.
  Time since last request: 3.008065 seconds.
  path: Assets/4.jpg
  artifactKey: Guid(199155be6fe86b84f90c792d89cc9986) Importer(815301076,1909f56bfc062723c751e8b465ee728b)
Start importing Assets/4.jpg using Guid(199155be6fe86b84f90c792d89cc9986) Importer(815301076,1909f56bfc062723c751e8b465ee728b)  -> (artifact id: '9132b2f224a5a3a5a09bf093256cfc05') in 0.016605 seconds
  Import took 0.018785 seconds .

========================================================================
Received Import Request.
  Time since last request: 0.791758 seconds.
  path: Assets/stylish-hexagonal-line-pattern-background_1017-19742.jpg
  artifactKey: Guid(78955bf061c147249b32ec144335afe1) Importer(815301076,1909f56bfc062723c751e8b465ee728b)
Start importing Assets/stylish-hexagonal-line-pattern-background_1017-19742.jpg using Guid(78955bf061c147249b32ec144335afe1) Importer(815301076,1909f56bfc062723c751e8b465ee728b)  -> (artifact id: 'b0ce506f0e1812bf171d673cb9aed107') in 0.015671 seconds
  Import took 0.017771 seconds .

========================================================================
Received Import Request.
  Time since last request: 2.310763 seconds.
  path: Assets/5.jpg
  artifactKey: Guid(78955bf061c147249b32ec144335afe1) Importer(815301076,1909f56bfc062723c751e8b465ee728b)
Start importing Assets/5.jpg using Guid(78955bf061c147249b32ec144335afe1) Importer(815301076,1909f56bfc062723c751e8b465ee728b)  -> (artifact id: '65787676a0acb7c3bc1542c801f6d87e') in 0.048261 seconds
  Import took 0.051342 seconds .

========================================================================
Received Import Request.
  Time since last request: 5.196396 seconds.
  path: Assets/6.jpg
  artifactKey: Guid(46fc21124752e68488771c9b00dec81e) Importer(815301076,1909f56bfc062723c751e8b465ee728b)
Start importing Assets/6.jpg using Guid(46fc21124752e68488771c9b00dec81e) Importer(815301076,1909f56bfc062723c751e8b465ee728b)  -> (artifact id: '72fa348883aa7df5614436f79956307e') in 0.018809 seconds
  Import took 0.020948 seconds .

========================================================================
Received Import Request.
  Time since last request: 1.840157 seconds.
  path: Assets/ball_billiard_03_dif.jpg
  artifactKey: Guid(3ff54f38ead18d34f86d7c3622991262) Importer(815301076,1909f56bfc062723c751e8b465ee728b)
Start importing Assets/ball_billiard_03_dif.jpg using Guid(3ff54f38ead18d34f86d7c3622991262) Importer(815301076,1909f56bfc062723c751e8b465ee728b)  -> (artifact id: 'da2fffcd23bf5ce508a3af8b3e945267') in 0.029486 seconds
  Import took 0.031441 seconds .

========================================================================
Received Import Request.
  Time since last request: 14.338312 seconds.
  path: Assets/1.jpg
  artifactKey: Guid(11a9c9970e38f214e8ab9a51de37cc71) Importer(815301076,1909f56bfc062723c751e8b465ee728b)
Start importing Assets/1.jpg using Guid(11a9c9970e38f214e8ab9a51de37cc71) Importer(815301076,1909f56bfc062723c751e8b465ee728b)  -> (artifact id: 'f231c57d02a00721aa947d46f9290834') in 0.060736 seconds
  Import took 0.062981 seconds .

========================================================================
Received Prepare
Registering precompiled user dll's ...
Registered in 0.001308 seconds.
Begin MonoManager ReloadAssembly
Native extension for WindowsStandalone target not found
Native extension for WebGL target not found
Refreshing native plugins compatible for Editor in 0.19 ms, found 0 plugins.
Preloading 0 native plugins for Editor in 0.00 ms.
Invoked RoslynAnalysisRunner static constructor.
RoslynAnalysisRunner will not be running.
RoslynAnalysisRunner has terminated.
Mono: successfully reloaded assembly
- Completed reload, in  0.954 seconds
Platform modules already initialized, skipping
Switching build target platform(5) subTarget(0) extendedPlatform(0) -> platform(13) subTarget(524288) extendedPlatform(0)
Refreshing native plugins compatible for Editor in 0.19 ms, found 0 plugins.
Preloading 0 native plugins for Editor in 0.00 ms.
Unloading 1099 Unused Serialized files (Serialized files now loaded: 0)
System memory in use before: 59.7 MB.
System memory in use after: 59.7 MB.

Unloading 5 unused Assets to reduce memory usage. Loaded Objects now: 1557.
Total: 2.676400 ms (FindLiveObjects: 0.267400 ms CreateObjectMapping: 0.067700 ms MarkObjects: 2.220300 ms  DeleteObjects: 0.119600 ms)

AssetImportParameters requested are different than current active one (requested -> active):
  custom:graphics/normal-map-encoding: 01000000000000000000000000000000 -> 02000000000000000000000000000000
========================================================================
Received Prepare
Registering precompiled user dll's ...
Registered in 0.001369 seconds.
Begin MonoManager ReloadAssembly
Native extension for WindowsStandalone target not found
Native extension for WebGL target not found
Refreshing native plugins compatible for Editor in 0.20 ms, found 0 plugins.
Preloading 0 native plugins for Editor in 0.00 ms.
Invoked RoslynAnalysisRunner static constructor.
RoslynAnalysisRunner will not be running.
RoslynAnalysisRunner has terminated.
Mono: successfully reloaded assembly
- Completed reload, in  0.903 seconds
Platform modules already initialized, skipping
Switching build target platform(5) subTarget(0) extendedPlatform(0) -> platform(13) subTarget(524288) extendedPlatform(0)
Refreshing native plugins compatible for Editor in 0.21 ms, found 0 plugins.
Preloading 0 native plugins for Editor in 0.00 ms.
Unloading 1099 Unused Serialized files (Serialized files now loaded: 0)
System memory in use before: 59.7 MB.
System memory in use after: 59.8 MB.

Unloading 5 unused Assets to reduce memory usage. Loaded Objects now: 1559.
Total: 1.700200 ms (FindLiveObjects: 0.210900 ms CreateObjectMapping: 0.051000 ms MarkObjects: 1.331000 ms  DeleteObjects: 0.106300 ms)

AssetImportParameters requested are different than current active one (requested -> active):
  custom:graphics/normal-map-encoding: 01000000000000000000000000000000 -> 02000000000000000000000000000000
========================================================================
Received Prepare
Registering precompiled user dll's ...
Registered in 0.001508 seconds.
Begin MonoManager ReloadAssembly
Native extension for WindowsStandalone target not found
Native extension for WebGL target not found
Refreshing native plugins compatible for Editor in 0.19 ms, found 0 plugins.
Preloading 0 native plugins for Editor in 0.00 ms.
Invoked RoslynAnalysisRunner static constructor.
RoslynAnalysisRunner will not be running.
RoslynAnalysisRunner has terminated.
Mono: successfully reloaded assembly
- Completed reload, in  0.914 seconds
Platform modules already initialized, skipping
Switching build target platform(5) subTarget(0) extendedPlatform(0) -> platform(13) subTarget(524288) extendedPlatform(0)
Refreshing native plugins compatible for Editor in 0.19 ms, found 0 plugins.
Preloading 0 native plugins for Editor in 0.00 ms.
Unloading 1099 Unused Serialized files (Serialized files now loaded: 0)
System memory in use before: 59.7 MB.
System memory in use after: 59.8 MB.

Unloading 5 unused Assets to reduce memory usage. Loaded Objects now: 1561.
Total: 2.077200 ms (FindLiveObjects: 0.276000 ms CreateObjectMapping: 0.034200 ms MarkObjects: 1.685500 ms  DeleteObjects: 0.080300 ms)

AssetImportParameters requested are different than current active one (requested -> active):
  custom:graphics/normal-map-encoding: 01000000000000000000000000000000 -> 02000000000000000000000000000000
========================================================================
Received Prepare
Registering precompiled user dll's ...
Registered in 0.001297 seconds.
Begin MonoManager ReloadAssembly
Native extension for WindowsStandalone target not found
Native extension for WebGL target not found
Refreshing native plugins compatible for Editor in 0.23 ms, found 0 plugins.
Preloading 0 native plugins for Editor in 0.00 ms.
Invoked RoslynAnalysisRunner static constructor.
RoslynAnalysisRunner will not be running.
RoslynAnalysisRunner has terminated.
Mono: successfully reloaded assembly
- Completed reload, in  0.909 seconds
Platform modules already initialized, skipping
Switching build target platform(5) subTarget(0) extendedPlatform(0) -> platform(13) subTarget(524288) extendedPlatform(0)
Refreshing native plugins compatible for Editor in 0.20 ms, found 0 plugins.
Preloading 0 native plugins for Editor in 0.00 ms.
Unloading 1099 Unused Serialized files (Serialized files now loaded: 0)
System memory in use before: 59.7 MB.
System memory in use after: 59.8 MB.

Unloading 5 unused Assets to reduce memory usage. Loaded Objects now: 1563.
Total: 1.896100 ms (FindLiveObjects: 0.207900 ms CreateObjectMapping: 0.044900 ms MarkObjects: 1.556500 ms  DeleteObjects: 0.085000 ms)

AssetImportParameters requested are different than current active one (requested -> active):
  custom:graphics/normal-map-encoding: 01000000000000000000000000000000 -> 02000000000000000000000000000000
========================================================================
Received Prepare
Registering precompiled user dll's ...
Registered in 0.001585 seconds.
Begin MonoManager ReloadAssembly
Native extension for WindowsStandalone target not found
Native extension for WebGL target not found
Refreshing native plugins compatible for Editor in 0.19 ms, found 0 plugins.
Preloading 0 native plugins for Editor in 0.00 ms.
Invoked RoslynAnalysisRunner static constructor.
RoslynAnalysisRunner will not be running.
RoslynAnalysisRunner has terminated.
Mono: successfully reloaded assembly
- Completed reload, in  0.913 seconds
Platform modules already initialized, skipping
Switching build target platform(5) subTarget(0) extendedPlatform(0) -> platform(13) subTarget(524288) extendedPlatform(0)
Refreshing native plugins compatible for Editor in 0.21 ms, found 0 plugins.
Preloading 0 native plugins for Editor in 0.00 ms.
Unloading 1099 Unused Serialized files (Serialized files now loaded: 0)
System memory in use before: 59.7 MB.
System memory in use after: 59.8 MB.

Unloading 5 unused Assets to reduce memory usage. Loaded Objects now: 1565.
Total: 1.785700 ms (FindLiveObjects: 0.209800 ms CreateObjectMapping: 0.034700 ms MarkObjects: 1.424500 ms  DeleteObjects: 0.115500 ms)

AssetImportParameters requested are different than current active one (requested -> active):
  custom:graphics/normal-map-encoding: 01000000000000000000000000000000 -> 02000000000000000000000000000000
========================================================================
Received Prepare
Registering precompiled user dll's ...
Registered in 0.001348 seconds.
Begin MonoManager ReloadAssembly
Native extension for WindowsStandalone target not found
Native extension for WebGL target not found
Refreshing native plugins compatible for Editor in 0.30 ms, found 0 plugins.
Preloading 0 native plugins for Editor in 0.00 ms.
Invoked RoslynAnalysisRunner static constructor.
RoslynAnalysisRunner will not be running.
RoslynAnalysisRunner has terminated.
Mono: successfully reloaded assembly
- Completed reload, in  0.933 seconds
Platform modules already initialized, skipping
Switching build target platform(5) subTarget(0) extendedPlatform(0) -> platform(13) subTarget(524288) extendedPlatform(0)
Refreshing native plugins compatible for Editor in 0.20 ms, found 0 plugins.
Preloading 0 native plugins for Editor in 0.00 ms.
Unloading 1099 Unused Serialized files (Serialized files now loaded: 0)
System memory in use before: 59.7 MB.
System memory in use after: 59.8 MB.

Unloading 5 unused Assets to reduce memory usage. Loaded Objects now: 1567.
Total: 1.885000 ms (FindLiveObjects: 0.219000 ms CreateObjectMapping: 0.052100 ms MarkObjects: 1.524300 ms  DeleteObjects: 0.087900 ms)

AssetImportParameters requested are different than current active one (requested -> active):
  custom:graphics/normal-map-encoding: 01000000000000000000000000000000 -> 02000000000000000000000000000000
========================================================================
Received Prepare
Registering precompiled user dll's ...
Registered in 0.001326 seconds.
Begin MonoManager ReloadAssembly
Native extension for WindowsStandalone target not found
Native extension for WebGL target not found
Refreshing native plugins compatible for Editor in 0.19 ms, found 0 plugins.
Preloading 0 native plugins for Editor in 0.00 ms.
Invoked RoslynAnalysisRunner static constructor.
RoslynAnalysisRunner will not be running.
RoslynAnalysisRunner has terminated.
Mono: successfully reloaded assembly
- Completed reload, in  0.923 seconds
Platform modules already initialized, skipping
Switching build target platform(5) subTarget(0) extendedPlatform(0) -> platform(13) subTarget(524288) extendedPlatform(0)
Refreshing native plugins compatible for Editor in 0.19 ms, found 0 plugins.
Preloading 0 native plugins for Editor in 0.00 ms.
Unloading 1099 Unused Serialized files (Serialized files now loaded: 0)
System memory in use before: 59.7 MB.
System memory in use after: 59.8 MB.

Unloading 5 unused Assets to reduce memory usage. Loaded Objects now: 1569.
Total: 2.248500 ms (FindLiveObjects: 0.165600 ms CreateObjectMapping: 0.039400 ms MarkObjects: 1.915500 ms  DeleteObjects: 0.126200 ms)

AssetImportParameters requested are different than current active one (requested -> active):
  custom:graphics/normal-map-encoding: 01000000000000000000000000000000 -> 02000000000000000000000000000000
========================================================================
Received Prepare
Registering precompiled user dll's ...
Registered in 0.001308 seconds.
Begin MonoManager ReloadAssembly
Native extension for WindowsStandalone target not found
Native extension for WebGL target not found
Refreshing native plugins compatible for Editor in 0.22 ms, found 0 plugins.
Preloading 0 native plugins for Editor in 0.00 ms.
Invoked RoslynAnalysisRunner static constructor.
RoslynAnalysisRunner will not be running.
RoslynAnalysisRunner has terminated.
Mono: successfully reloaded assembly
- Completed reload, in  0.990 seconds
Platform modules already initialized, skipping
Switching build target platform(5) subTarget(0) extendedPlatform(0) -> platform(13) subTarget(524288) extendedPlatform(0)
Refreshing native plugins compatible for Editor in 0.28 ms, found 0 plugins.
Preloading 0 native plugins for Editor in 0.00 ms.
Unloading 1099 Unused Serialized files (Serialized files now loaded: 0)
System memory in use before: 59.8 MB.
System memory in use after: 59.8 MB.

Unloading 5 unused Assets to reduce memory usage. Loaded Objects now: 1571.
Total: 2.098700 ms (FindLiveObjects: 0.250000 ms CreateObjectMapping: 0.070500 ms MarkObjects: 1.666800 ms  DeleteObjects: 0.109900 ms)

AssetImportParameters requested are different than current active one (requested -> active):
  custom:graphics/normal-map-encoding: 01000000000000000000000000000000 -> 02000000000000000000000000000000
========================================================================
Received Prepare
Registering precompiled user dll's ...
Registered in 0.001454 seconds.
Begin MonoManager ReloadAssembly
Native extension for WindowsStandalone target not found
Native extension for WebGL target not found
Refreshing native plugins compatible for Editor in 0.19 ms, found 0 plugins.
Preloading 0 native plugins for Editor in 0.00 ms.
Invoked RoslynAnalysisRunner static constructor.
RoslynAnalysisRunner will not be running.
RoslynAnalysisRunner has terminated.
Mono: successfully reloaded assembly
- Completed reload, in  0.975 seconds
Platform modules already initialized, skipping
Switching build target platform(5) subTarget(0) extendedPlatform(0) -> platform(13) subTarget(524288) extendedPlatform(0)
Refreshing native plugins compatible for Editor in 0.19 ms, found 0 plugins.
Preloading 0 native plugins for Editor in 0.00 ms.
Unloading 1099 Unused Serialized files (Serialized files now loaded: 0)
System memory in use before: 59.8 MB.
System memory in use after: 59.9 MB.

Unloading 5 unused Assets to reduce memory usage. Loaded Objects now: 1573.
Total: 1.882300 ms (FindLiveObjects: 0.269200 ms CreateObjectMapping: 0.086700 ms MarkObjects: 1.435400 ms  DeleteObjects: 0.088800 ms)

AssetImportParameters requested are different than current active one (requested -> active):
  custom:graphics/normal-map-encoding: 01000000000000000000000000000000 -> 02000000000000000000000000000000
========================================================================
Received Prepare
Registering precompiled user dll's ...
Registered in 0.001986 seconds.
Begin MonoManager ReloadAssembly
Native extension for WindowsStandalone target not found
Native extension for WebGL target not found
Refreshing native plugins compatible for Editor in 0.20 ms, found 0 plugins.
Preloading 0 native plugins for Editor in 0.00 ms.
Invoked RoslynAnalysisRunner static constructor.
RoslynAnalysisRunner will not be running.
RoslynAnalysisRunner has terminated.
Mono: successfully reloaded assembly
- Completed reload, in  1.002 seconds
Platform modules already initialized, skipping
Switching build target platform(5) subTarget(0) extendedPlatform(0) -> platform(13) subTarget(524288) extendedPlatform(0)
Refreshing native plugins compatible for Editor in 0.20 ms, found 0 plugins.
Preloading 0 native plugins for Editor in 0.00 ms.
Unloading 1099 Unused Serialized files (Serialized files now loaded: 0)
System memory in use before: 59.8 MB.
System memory in use after: 59.9 MB.

Unloading 5 unused Assets to reduce memory usage. Loaded Objects now: 1575.
Total: 2.066100 ms (FindLiveObjects: 0.247400 ms CreateObjectMapping: 0.048900 ms MarkObjects: 1.683200 ms  DeleteObjects: 0.083000 ms)

AssetImportParameters requested are different than current active one (requested -> active):
  custom:graphics/normal-map-encoding: 01000000000000000000000000000000 -> 02000000000000000000000000000000
========================================================================
Received Prepare
Registering precompiled user dll's ...
Registered in 0.001314 seconds.
Begin MonoManager ReloadAssembly
Native extension for WindowsStandalone target not found
Native extension for WebGL target not found
Refreshing native plugins compatible for Editor in 0.19 ms, found 0 plugins.
Preloading 0 native plugins for Editor in 0.00 ms.
Invoked RoslynAnalysisRunner static constructor.
RoslynAnalysisRunner will not be running.
RoslynAnalysisRunner has terminated.
Mono: successfully reloaded assembly
- Completed reload, in  0.986 seconds
Platform modules already initialized, skipping
Switching build target platform(5) subTarget(0) extendedPlatform(0) -> platform(13) subTarget(524288) extendedPlatform(0)
Refreshing native plugins compatible for Editor in 0.26 ms, found 0 plugins.
Preloading 0 native plugins for Editor in 0.00 ms.
Unloading 1099 Unused Serialized files (Serialized files now loaded: 0)
System memory in use before: 59.8 MB.
System memory in use after: 59.9 MB.

Unloading 5 unused Assets to reduce memory usage. Loaded Objects now: 1577.
Total: 1.834900 ms (FindLiveObjects: 0.201300 ms CreateObjectMapping: 0.038600 ms MarkObjects: 1.505900 ms  DeleteObjects: 0.087700 ms)

AssetImportParameters requested are different than current active one (requested -> active):
  custom:graphics/normal-map-encoding: 01000000000000000000000000000000 -> 02000000000000000000000000000000
========================================================================
Received Prepare
Registering precompiled user dll's ...
Registered in 0.001537 seconds.
Begin MonoManager ReloadAssembly
Native extension for WindowsStandalone target not found
Native extension for WebGL target not found
Refreshing native plugins compatible for Editor in 0.19 ms, found 0 plugins.
Preloading 0 native plugins for Editor in 0.00 ms.
Invoked RoslynAnalysisRunner static constructor.
RoslynAnalysisRunner will not be running.
RoslynAnalysisRunner has terminated.
Mono: successfully reloaded assembly
- Completed reload, in  0.983 seconds
Platform modules already initialized, skipping
Switching build target platform(5) subTarget(0) extendedPlatform(0) -> platform(13) subTarget(524288) extendedPlatform(0)
Refreshing native plugins compatible for Editor in 0.22 ms, found 0 plugins.
Preloading 0 native plugins for Editor in 0.00 ms.
Unloading 1099 Unused Serialized files (Serialized files now loaded: 0)
System memory in use before: 59.8 MB.
System memory in use after: 59.9 MB.

Unloading 5 unused Assets to reduce memory usage. Loaded Objects now: 1579.
Total: 2.022000 ms (FindLiveObjects: 0.198500 ms CreateObjectMapping: 0.065200 ms MarkObjects: 1.665000 ms  DeleteObjects: 0.091300 ms)

AssetImportParameters requested are different than current active one (requested -> active):
  custom:graphics/normal-map-encoding: 01000000000000000000000000000000 -> 02000000000000000000000000000000
========================================================================
Received Prepare
Registering precompiled user dll's ...
Registered in 0.001158 seconds.
Begin MonoManager ReloadAssembly
Native extension for WindowsStandalone target not found
Native extension for WebGL target not found
Refreshing native plugins compatible for Editor in 0.19 ms, found 0 plugins.
Preloading 0 native plugins for Editor in 0.00 ms.
Invoked RoslynAnalysisRunner static constructor.
RoslynAnalysisRunner will not be running.
RoslynAnalysisRunner has terminated.
Mono: successfully reloaded assembly
- Completed reload, in  0.979 seconds
Platform modules already initialized, skipping
Switching build target platform(5) subTarget(0) extendedPlatform(0) -> platform(13) subTarget(524288) extendedPlatform(0)
Refreshing native plugins compatible for Editor in 0.19 ms, found 0 plugins.
Preloading 0 native plugins for Editor in 0.00 ms.
Unloading 1099 Unused Serialized files (Serialized files now loaded: 0)
System memory in use before: 59.8 MB.
System memory in use after: 59.9 MB.

Unloading 5 unused Assets to reduce memory usage. Loaded Objects now: 1581.
Total: 1.757000 ms (FindLiveObjects: 0.139400 ms CreateObjectMapping: 0.036400 ms MarkObjects: 1.469900 ms  DeleteObjects: 0.109400 ms)

AssetImportParameters requested are different than current active one (requested -> active):
  custom:graphics/normal-map-encoding: 01000000000000000000000000000000 -> 02000000000000000000000000000000
========================================================================
Received Prepare
Registering precompiled user dll's ...
Registered in 0.002291 seconds.
Begin MonoManager ReloadAssembly
Native extension for WindowsStandalone target not found
Native extension for WebGL target not found
Refreshing native plugins compatible for Editor in 0.25 ms, found 0 plugins.
Preloading 0 native plugins for Editor in 0.00 ms.
Invoked RoslynAnalysisRunner static constructor.
RoslynAnalysisRunner will not be running.
RoslynAnalysisRunner has terminated.
Mono: successfully reloaded assembly
- Completed reload, in  1.031 seconds
Platform modules already initialized, skipping
Switching build target platform(5) subTarget(0) extendedPlatform(0) -> platform(13) subTarget(524288) extendedPlatform(0)
Refreshing native plugins compatible for Editor in 0.20 ms, found 0 plugins.
Preloading 0 native plugins for Editor in 0.00 ms.
Unloading 1099 Unused Serialized files (Serialized files now loaded: 0)
System memory in use before: 59.8 MB.
System memory in use after: 59.9 MB.

Unloading 5 unused Assets to reduce memory usage. Loaded Objects now: 1583.
Total: 2.174300 ms (FindLiveObjects: 0.428000 ms CreateObjectMapping: 0.068700 ms MarkObjects: 1.587600 ms  DeleteObjects: 0.088200 ms)

AssetImportParameters requested are different than current active one (requested -> active):
  custom:graphics/normal-map-encoding: 01000000000000000000000000000000 -> 02000000000000000000000000000000
========================================================================
Received Prepare
Refreshing native plugins compatible for Editor in 1.11 ms, found 0 plugins.
Preloading 0 native plugins for Editor in 0.00 ms.
Unloading 3 Unused Serialized files (Serialized files now loaded: 0)
System memory in use before: 38.1 MB.
System memory in use after: 38.2 MB.

Unloading 3 unused Assets to reduce memory usage. Loaded Objects now: 1583.
Total: 1.843100 ms (FindLiveObjects: 0.178300 ms CreateObjectMapping: 0.033500 ms MarkObjects: 1.553300 ms  DeleteObjects: 0.076800 ms)

========================================================================
Received Import Request.
  Time since last request: 4292.342557 seconds.
  path: Assets/stylish-hexagonal-line-pattern-background_1017-19742 (1).jpg
  artifactKey: Guid(81c0d0e1b82923346b2619b3214fce24) Importer(815301076,1909f56bfc062723c751e8b465ee728b)
Start importing Assets/stylish-hexagonal-line-pattern-background_1017-19742 (1).jpg using Guid(81c0d0e1b82923346b2619b3214fce24) Importer(815301076,1909f56bfc062723c751e8b465ee728b)  -> (artifact id: '105edd94d97dd0d672ebf34244804f2d') in 0.054152 seconds
  Import took 0.057057 seconds .

========================================================================
Received Import Request.
  Time since last request: 0.000491 seconds.
  path: Assets/stylish-hexagonal-line-pattern-background_1017-19742 (1).jpg
  artifactKey: Guid(81c0d0e1b82923346b2619b3214fce24) Importer(815301076,1909f56bfc062723c751e8b465ee728b)
Start importing Assets/stylish-hexagonal-line-pattern-background_1017-19742 (1).jpg using Guid(81c0d0e1b82923346b2619b3214fce24) Importer(815301076,1909f56bfc062723c751e8b465ee728b)  -> (artifact id: '105edd94d97dd0d672ebf34244804f2d') in 0.026798 seconds
  Import took 0.028830 seconds .

========================================================================
Received Import Request.
  Time since last request: 7.841973 seconds.
  path: Assets/stylish-hexagonal-line-pattern-background_1017-19742 (1).jpg
  artifactKey: Guid(81c0d0e1b82923346b2619b3214fce24) Importer(815301076,1909f56bfc062723c751e8b465ee728b)
Start importing Assets/stylish-hexagonal-line-pattern-background_1017-19742 (1).jpg using Guid(81c0d0e1b82923346b2619b3214fce24) Importer(815301076,1909f56bfc062723c751e8b465ee728b)  -> (artifact id: '296801ac87fa9938b15f60811c8c569f') in 0.076972 seconds
  Import took 0.079653 seconds .

========================================================================
Received Import Request.
  Time since last request: 4.895984 seconds.
  path: Assets/25331184-white-textured-background-with-a-pattern-of-simple-geometric-shapes-that-will-tile-seamlessly.jpg
  artifactKey: Guid(7b120e4a9026e0a4b9f78483605521d5) Importer(815301076,1909f56bfc062723c751e8b465ee728b)
Start importing Assets/25331184-white-textured-background-with-a-pattern-of-simple-geometric-shapes-that-will-tile-seamlessly.jpg using Guid(7b120e4a9026e0a4b9f78483605521d5) Importer(815301076,1909f56bfc062723c751e8b465ee728b)  -> (artifact id: '22c17af2043ac25e8f41b7887fb32d83') in 0.079126 seconds
  Import took 0.081108 seconds .

========================================================================
Received Import Request.
  Time since last request: 2.842862 seconds.
  path: Assets/7.jpg
  artifactKey: Guid(7b120e4a9026e0a4b9f78483605521d5) Importer(815301076,1909f56bfc062723c751e8b465ee728b)
Start importing Assets/7.jpg using Guid(7b120e4a9026e0a4b9f78483605521d5) Importer(815301076,1909f56bfc062723c751e8b465ee728b)  -> (artifact id: '996f35565fda1dd62dca0378e98c90d5') in 0.025489 seconds
  Import took 0.028284 seconds .

========================================================================
Received Import Request.
  Time since last request: 1.830984 seconds.
  path: Assets/close-up-minimalist-honeycomb-background-design_23-2148386679.jpg
  artifactKey: Guid(cd16a59b100e65441b8942ab89efa671) Importer(815301076,1909f56bfc062723c751e8b465ee728b)
Start importing Assets/close-up-minimalist-honeycomb-background-design_23-2148386679.jpg using Guid(cd16a59b100e65441b8942ab89efa671) Importer(815301076,1909f56bfc062723c751e8b465ee728b)  -> (artifact id: 'c4682261246546f055cc43145039652b') in 0.027230 seconds
  Import took 0.030036 seconds .

========================================================================
Received Import Request.
  Time since last request: 1.189484 seconds.
  path: Assets/8.jpg
  artifactKey: Guid(cd16a59b100e65441b8942ab89efa671) Importer(815301076,1909f56bfc062723c751e8b465ee728b)
Start importing Assets/8.jpg using Guid(cd16a59b100e65441b8942ab89efa671) Importer(815301076,1909f56bfc062723c751e8b465ee728b)  -> (artifact id: '14165a657a71240323e23d7ba1bf2c1b') in 0.019387 seconds
  Import took 0.022082 seconds .

========================================================================
Received Import Request.
  Time since last request: 0.996969 seconds.
  path: Assets/depositphotos_58784571-stock-illustration-abstract-black-and-white-honeycomb.jpg
  artifactKey: Guid(9b32815acb1f4ec4ebd79eb4a68bb794) Importer(815301076,1909f56bfc062723c751e8b465ee728b)
Start importing Assets/depositphotos_58784571-stock-illustration-abstract-black-and-white-honeycomb.jpg using Guid(9b32815acb1f4ec4ebd79eb4a68bb794) Importer(815301076,1909f56bfc062723c751e8b465ee728b)  -> (artifact id: '9e95c0342a11c4ef69914780334cb01a') in 0.046565 seconds
  Import took 0.048702 seconds .

========================================================================
Received Import Request.
  Time since last request: 1.147415 seconds.
  path: Assets/9.jpg
  artifactKey: Guid(9b32815acb1f4ec4ebd79eb4a68bb794) Importer(815301076,1909f56bfc062723c751e8b465ee728b)
Start importing Assets/9.jpg using Guid(9b32815acb1f4ec4ebd79eb4a68bb794) Importer(815301076,1909f56bfc062723c751e8b465ee728b)  -> (artifact id: '08659edf504c94087254ec1b7700b3a6') in 0.021558 seconds
  Import took 0.024855 seconds .

========================================================================
Received Import Request.
  Time since last request: 0.002688 seconds.
  path: Assets/9.jpg
  artifactKey: Guid(9b32815acb1f4ec4ebd79eb4a68bb794) Importer(815301076,1909f56bfc062723c751e8b465ee728b)
Start importing Assets/9.jpg using Guid(9b32815acb1f4ec4ebd79eb4a68bb794) Importer(815301076,1909f56bfc062723c751e8b465ee728b)  -> (artifact id: '08659edf504c94087254ec1b7700b3a6') in 0.023611 seconds
  Import took 0.026142 seconds .

========================================================================
Received Import Request.
  Time since last request: 2.108217 seconds.
  path: Assets/10.jpg
  artifactKey: Guid(81c0d0e1b82923346b2619b3214fce24) Importer(815301076,1909f56bfc062723c751e8b465ee728b)
Start importing Assets/10.jpg using Guid(81c0d0e1b82923346b2619b3214fce24) Importer(815301076,1909f56bfc062723c751e8b465ee728b)  -> (artifact id: '2680fcc89bc4c5bb258a026680cb8d36') in 0.017192 seconds
  Import took 0.019551 seconds .

========================================================================
Received Prepare
Registering precompiled user dll's ...
Registered in 0.001690 seconds.
Begin MonoManager ReloadAssembly
Native extension for WindowsStandalone target not found
Native extension for WebGL target not found
Refreshing native plugins compatible for Editor in 0.20 ms, found 0 plugins.
Preloading 0 native plugins for Editor in 0.00 ms.
Invoked RoslynAnalysisRunner static constructor.
RoslynAnalysisRunner will not be running.
RoslynAnalysisRunner has terminated.
Mono: successfully reloaded assembly
- Completed reload, in  1.002 seconds
Platform modules already initialized, skipping
Switching build target platform(5) subTarget(0) extendedPlatform(0) -> platform(13) subTarget(524288) extendedPlatform(0)
Refreshing native plugins compatible for Editor in 0.31 ms, found 0 plugins.
Preloading 0 native plugins for Editor in 0.00 ms.
Unloading 1099 Unused Serialized files (Serialized files now loaded: 0)
System memory in use before: 59.8 MB.
System memory in use after: 59.9 MB.

Unloading 5 unused Assets to reduce memory usage. Loaded Objects now: 1592.
Total: 2.180000 ms (FindLiveObjects: 0.342100 ms CreateObjectMapping: 0.079100 ms MarkObjects: 1.698500 ms  DeleteObjects: 0.058500 ms)

AssetImportParameters requested are different than current active one (requested -> active):
  custom:graphics/normal-map-encoding: 01000000000000000000000000000000 -> 02000000000000000000000000000000
========================================================================
Received Import Request.
  Time since last request: 420.626882 seconds.
  path: Assets/white-unsplash-9d0375d2.jpg
  artifactKey: Guid(788a9b54bf0a59f418da2c0520af247d) Importer(815301076,1909f56bfc062723c751e8b465ee728b)
Start importing Assets/white-unsplash-9d0375d2.jpg using Guid(788a9b54bf0a59f418da2c0520af247d) Importer(815301076,1909f56bfc062723c751e8b465ee728b)  -> (artifact id: '5dc50c4341cfb9925d8beac8f18745fa') in 0.078311 seconds
  Import took 0.080341 seconds .

========================================================================
Received Import Request.
  Time since last request: 0.774506 seconds.
  path: Assets/rm263-adj-35_1.jpg
  artifactKey: Guid(731796d137e39da46873e51b0193db9a) Importer(815301076,1909f56bfc062723c751e8b465ee728b)
Start importing Assets/rm263-adj-35_1.jpg using Guid(731796d137e39da46873e51b0193db9a) Importer(815301076,1909f56bfc062723c751e8b465ee728b)  -> (artifact id: '2177f4a1e0363be6ae61c6830889ee54') in 0.022604 seconds
  Import took 0.025056 seconds .

========================================================================
Received Import Request.
  Time since last request: 1.196141 seconds.
  path: Assets/images.jpg
  artifactKey: Guid(39ea93791161b8b4f9d9d63b17baaa6c) Importer(815301076,1909f56bfc062723c751e8b465ee728b)
Start importing Assets/images.jpg using Guid(39ea93791161b8b4f9d9d63b17baaa6c) Importer(815301076,1909f56bfc062723c751e8b465ee728b)  -> (artifact id: '28cd1c57ea83eb0070ea50918d3dacdd') in 0.034134 seconds
  Import took 0.037312 seconds .

========================================================================
Received Import Request.
  Time since last request: 3.333539 seconds.
  path: Assets/11.jpg
  artifactKey: Guid(39ea93791161b8b4f9d9d63b17baaa6c) Importer(815301076,1909f56bfc062723c751e8b465ee728b)
Start importing Assets/11.jpg using Guid(39ea93791161b8b4f9d9d63b17baaa6c) Importer(815301076,1909f56bfc062723c751e8b465ee728b)  -> (artifact id: '11c6a9908c15d983db2c4157b6465313') in 0.017187 seconds
  Import took 0.031906 seconds .

========================================================================
Received Import Request.
  Time since last request: 0.581573 seconds.
  path: Assets/istockphoto-1167499670-612x612.jpg
  artifactKey: Guid(ff3f53b55ec7c5f498fe106cc0d890d7) Importer(815301076,1909f56bfc062723c751e8b465ee728b)
Start importing Assets/istockphoto-1167499670-612x612.jpg using Guid(ff3f53b55ec7c5f498fe106cc0d890d7) Importer(815301076,1909f56bfc062723c751e8b465ee728b)  -> (artifact id: '8bbde22e5bab9cfb6f147e08710a2f7c') in 0.022882 seconds
  Import took 0.025072 seconds .

========================================================================
Received Import Request.
  Time since last request: 2.455838 seconds.
  path: Assets/12.jpg
  artifactKey: Guid(ff3f53b55ec7c5f498fe106cc0d890d7) Importer(815301076,1909f56bfc062723c751e8b465ee728b)
Start importing Assets/12.jpg using Guid(ff3f53b55ec7c5f498fe106cc0d890d7) Importer(815301076,1909f56bfc062723c751e8b465ee728b)  -> (artifact id: '1b2e7c32f0a8627fcb11c897acd3e170') in 0.018729 seconds
  Import took 0.021330 seconds .

========================================================================
Received Import Request.
  Time since last request: 0.005063 seconds.
  path: Assets/12.jpg
  artifactKey: Guid(ff3f53b55ec7c5f498fe106cc0d890d7) Importer(815301076,1909f56bfc062723c751e8b465ee728b)
Start importing Assets/12.jpg using Guid(ff3f53b55ec7c5f498fe106cc0d890d7) Importer(815301076,1909f56bfc062723c751e8b465ee728b)  -> (artifact id: '1b2e7c32f0a8627fcb11c897acd3e170') in 0.014599 seconds
  Import took 0.016778 seconds .

========================================================================
Received Import Request.
  Time since last request: 3.760527 seconds.
  path: Assets/13.jpg
  artifactKey: Guid(731796d137e39da46873e51b0193db9a) Importer(815301076,1909f56bfc062723c751e8b465ee728b)
Start importing Assets/13.jpg using Guid(731796d137e39da46873e51b0193db9a) Importer(815301076,1909f56bfc062723c751e8b465ee728b)  -> (artifact id: '87d8787a9ff0a10b2a68eced8947b1a7') in 0.021027 seconds
  Import took 0.023637 seconds .

========================================================================
Received Import Request.
  Time since last request: 4.229991 seconds.
  path: Assets/14.jpg
  artifactKey: Guid(788a9b54bf0a59f418da2c0520af247d) Importer(815301076,1909f56bfc062723c751e8b465ee728b)
Start importing Assets/14.jpg using Guid(788a9b54bf0a59f418da2c0520af247d) Importer(815301076,1909f56bfc062723c751e8b465ee728b)  -> (artifact id: '8382c031d4e2f0c3bc62127e0857cea2') in 0.067215 seconds
  Import took 0.069493 seconds .

========================================================================
Received Import Request.
  Time since last request: 14.025379 seconds.
  path: Assets/11.jpg
  artifactKey: Guid(39ea93791161b8b4f9d9d63b17baaa6c) Importer(815301076,1909f56bfc062723c751e8b465ee728b)
Start importing Assets/11.jpg using Guid(39ea93791161b8b4f9d9d63b17baaa6c) Importer(815301076,1909f56bfc062723c751e8b465ee728b)  -> (artifact id: '123b74da07ff2b3ccd0c23fd06164737') in 0.036955 seconds
  Import took 0.039179 seconds .

========================================================================
Received Prepare
Registering precompiled user dll's ...
Registered in 0.001365 seconds.
Begin MonoManager ReloadAssembly
Native extension for WindowsStandalone target not found
Native extension for WebGL target not found
Refreshing native plugins compatible for Editor in 0.21 ms, found 0 plugins.
Preloading 0 native plugins for Editor in 0.00 ms.
Invoked RoslynAnalysisRunner static constructor.
RoslynAnalysisRunner will not be running.
RoslynAnalysisRunner has terminated.
Mono: successfully reloaded assembly
- Completed reload, in  1.027 seconds
Platform modules already initialized, skipping
Switching build target platform(5) subTarget(0) extendedPlatform(0) -> platform(13) subTarget(524288) extendedPlatform(0)
Refreshing native plugins compatible for Editor in 0.21 ms, found 0 plugins.
Preloading 0 native plugins for Editor in 0.00 ms.
Unloading 1099 Unused Serialized files (Serialized files now loaded: 0)
System memory in use before: 59.8 MB.
System memory in use after: 59.9 MB.

Unloading 5 unused Assets to reduce memory usage. Loaded Objects now: 1597.
Total: 2.148400 ms (FindLiveObjects: 0.264600 ms CreateObjectMapping: 0.098000 ms MarkObjects: 1.698700 ms  DeleteObjects: 0.084900 ms)

AssetImportParameters requested are different than current active one (requested -> active):
  custom:graphics/normal-map-encoding: 01000000000000000000000000000000 -> 02000000000000000000000000000000
========================================================================
Received Prepare
Refreshing native plugins compatible for Editor in 1.23 ms, found 0 plugins.
Preloading 0 native plugins for Editor in 0.00 ms.
Unloading 3 Unused Serialized files (Serialized files now loaded: 0)
System memory in use before: 38.2 MB.
System memory in use after: 38.3 MB.

Unloading 3 unused Assets to reduce memory usage. Loaded Objects now: 1597.
Total: 2.056000 ms (FindLiveObjects: 0.249100 ms CreateObjectMapping: 0.079200 ms MarkObjects: 1.612400 ms  DeleteObjects: 0.113600 ms)

